Build started 2018/8/13 下午 05:03:46.
     1>Project "C:\Users\alex_li\Desktop\Test\enum\enum.vcxproj" on node 2 (Build target(s)).
     1>ClCompile:
         C:\Program Files (x86)\Microsoft Visual Studio 12.0\VC\bin\CL.exe /c /ZI /nologo /W3 /WX- /sdl /Od /Oy- /D WIN32 /D _DEBUG /D _CONSOLE /D _LIB /D _UNICODE /D UNICODE /Gm /EHsc /RTC1 /MDd /GS /fp:precise /Zc:wchar_t /Zc:forScope /Yu"stdafx.h" /Fp"Debug\enum.pch" /Fo"Debug\\" /Fd"Debug\vc120.pdb" /Gd /TP /analyze- /errorReport:prompt enum.cpp Source.cpp
         Source.cpp
         enum.cpp
         Generating Code...
       Link:
         C:\Program Files (x86)\Microsoft Visual Studio 12.0\VC\bin\link.exe /ERRORREPORT:PROMPT /OUT:"C:\Users\alex_li\Desktop\Test\Debug\enum.exe" /INCREMENTAL /NOLOGO kernel32.lib user32.lib gdi32.lib winspool.lib comdlg32.lib advapi32.lib shell32.lib ole32.lib oleaut32.lib uuid.lib odbc32.lib odbccp32.lib /MANIFEST /MANIFESTUAC:"level='asInvoker' uiAccess='false'" /manifest:embed /DEBUG /PDB:"C:\Users\alex_li\Desktop\Test\Debug\enum.pdb" /SUBSYSTEM:CONSOLE /TLBID:1 /DYNAMICBASE /NXCOMPAT /IMPLIB:"C:\Users\alex_li\Desktop\Test\Debug\enum.lib" /MACHINE:X86 Debug\enum.obj
         Debug\Source.obj
         Debug\stdafx.obj
     1>Source.obj : error LNK2005: _wmain already defined in enum.obj
     1>C:\Users\alex_li\Desktop\Test\Debug\enum.exe : fatal error LNK1169: one or more multiply defined symbols found
     1>Done Building Project "C:\Users\alex_li\Desktop\Test\enum\enum.vcxproj" (Build target(s)) -- FAILED.

Build FAILED.

Time Elapsed 00:00:01.26
